<testsuites id="" name="" tests="3" failures="0" skipped="0" errors="0" time="13.683829">
<testsuite name="AllureReport-37.spec.js" timestamp="2024-04-27T18:08:52.686Z" hostname="chromium" tests="3" failures="0" skipped="0" time="11.558" errors="0">
<testcase name="Test 1" classname="AllureReport-37.spec.js" time="6.488">
<system-out>
<![CDATA[
[[ATTACHMENT|test-results\AllureReport-37-Test-1-chromium\test-finished-1.png]]

[[ATTACHMENT|test-results\AllureReport-37-Test-1-chromium\video.webm]]

[[ATTACHMENT|test-results\AllureReport-37-Test-1-chromium\trace.zip]]
]]>
</system-out>
</testcase>
<testcase name="Test 2" classname="AllureReport-37.spec.js" time="2.351">
<system-out>
<![CDATA[
[[ATTACHMENT|test-results\AllureReport-37-Test-2-chromium\test-finished-1.png]]

[[ATTACHMENT|test-results\AllureReport-37-Test-2-chromium\video.webm]]

[[ATTACHMENT|test-results\AllureReport-37-Test-2-chromium\trace.zip]]
]]>
</system-out>
</testcase>
<testcase name="Test 3" classname="AllureReport-37.spec.js" time="2.719">
<system-out>
<![CDATA[
[[ATTACHMENT|test-results\AllureReport-37-Test-3-chromium\test-finished-1.png]]

[[ATTACHMENT|test-results\AllureReport-37-Test-3-chromium\video.webm]]

[[ATTACHMENT|test-results\AllureReport-37-Test-3-chromium\trace.zip]]
]]>
</system-out>
</testcase>
</testsuite>
</testsuites>